<?xml version="1.0" encoding="UTF-8"?>
<!-- Generated by org.testng.reporters.JUnitReportReporter -->
<testsuite hostname="LAPTOP-I32LRC1M" failures="0" tests="2" name="TestRunner.TestRunner" time="75.579" errors="0" timestamp="2025-08-20T21:21:44 IST" skipped="0">
  <testcase classname="TestRunner.TestRunner" name="runScenario" time="37.668"/>
  <testcase classname="TestRunner.TestRunner" name="runScenario" time="37.911"/>
</testsuite> <!-- TestRunner.TestRunner -->
