<?xml version="1.0" encoding="UTF-8"?>
<!-- Generated by org.testng.reporters.JUnitReportReporter -->
<testsuite hostname="LAPTOP-I32LRC1M" failures="0" tests="2" name="TestRunner.TestRunner" time="25.896" errors="0" timestamp="2025-08-20T20:51:53 IST" skipped="0">
  <testcase classname="TestRunner.TestRunner" name="runScenario" time="14.637"/>
  <testcase classname="TestRunner.TestRunner" name="runScenario" time="11.259"/>
</testsuite> <!-- TestRunner.TestRunner -->
