<?xml version="1.0" encoding="UTF-8"?>
<!-- Generated by org.testng.reporters.JUnitReportReporter -->
<testsuite hostname="LAPTOP-I32LRC1M" failures="0" tests="2" name="TestRunner.TestRunner" time="110.682" errors="0" timestamp="2025-08-20T21:50:55 IST" skipped="0">
  <testcase classname="TestRunner.TestRunner" name="runScenario" time="55.341"/>
  <testcase classname="TestRunner.TestRunner" name="runScenario" time="55.341"/>
</testsuite> <!-- TestRunner.TestRunner -->
